<LogEntry Date="2014-11-08 21:15:58" Severity="Info" Source="Converters.MainWindow..ctor" ThreadId="10">
  <Message>Test entry to see if logging works.</Message>
</LogEntry>
<LogEntry Date="2014-11-08 21:15:58" Severity="Info" Source="Converters.MainWindow..ctor" ThreadId="10">
  <Message>MainWindow initializing.</Message>
</LogEntry>
<LogEntry Date="2014-11-08 21:15:58" Severity="Info" Source="Converters.MainWindow.Window_SourceInitialized" ThreadId="10">
  <Message>Window_SourceInitialized.</Message>
</LogEntry>
<LogEntry Date="2014-11-08 21:15:58" Severity="Info" Source="Converters.Models.DatabaseReader.mbConnectToDatabase" ThreadId="10">
  <Message>Connecting to database...</Message>
</LogEntry>
<LogEntry Date="2014-11-08 21:15:58" Severity="Info" Source="Converters.Models.DatabaseReader.mbConnectToDatabase" ThreadId="10">
  <Message>App Folder: C:\Users\mbishop\Documents\GitHub\Creel\SchoolBookBags\SchoolBookBags\bin\Debug\ XML Path: C:\Users\mbishop\Documents\GitHub\Creel\SchoolBookBags\SchoolBookBags\bin\Debug\database.xml</Message>
</LogEntry>
<LogEntry Date="2014-11-08 21:15:58" Severity="Info" Source="Converters.Models.DatabaseReader.InitBasicInfo" ThreadId="10">
  <Message>Database initializing basic information.</Message>
</LogEntry>
<LogEntry Date="2014-11-08 21:15:58" Severity="Info" Source="Converters.Models.DatabaseReader.mbImportStudents" ThreadId="10">
  <Message>Intializing students list from database.</Message>
</LogEntry>
<LogEntry Date="2014-11-08 21:15:58" Severity="Info" Source="Converters.Models.DatabaseReader.mbImportBags" ThreadId="10">
  <Message>Intializing bags list from database.</Message>
</LogEntry>
<LogEntry Date="2014-11-08 21:15:58" Severity="Info" Source="Converters.Models.DatabaseReader.mbImportHistory" ThreadId="10">
  <Message>Intializing history from database.</Message>
</LogEntry>
<LogEntry Date="2014-11-08 21:15:58" Severity="Info" Source="Converters.ViewModels.HistoryViewViewModel.UpdateHistory" ThreadId="10">
  <Message>Updating history.</Message>
</LogEntry>
<LogEntry Date="2014-11-08 21:15:58" Severity="Info" Source="Converters.MainWindow.InitViews" ThreadId="10">
  <Message>Main Page init views.</Message>
</LogEntry>
<LogEntry Date="2014-11-08 21:15:58" Severity="Info" Source="Converters.ViewModels.AddANewStudentViewModel..ctor" ThreadId="10">
  <Message>Adding a new student view model.</Message>
</LogEntry>
<LogEntry Date="2014-11-08 21:15:59" Severity="Info" Source="Converters.MainWindow.MainPage_Loaded" ThreadId="10">
  <Message>Main Page loading.</Message>
</LogEntry>
<LogEntry Date="2014-11-08 21:15:59" Severity="Info" Source="Converters.MainWindow.MainPage_Loaded" ThreadId="10">
  <Message>Main Page loading.</Message>
</LogEntry>
<LogEntry Date="2014-11-08 21:17:10" Severity="Info" Source="Converters.MainWindow..ctor" ThreadId="9">
  <Message>Test entry to see if logging works.</Message>
</LogEntry>
<LogEntry Date="2014-11-08 21:17:10" Severity="Info" Source="Converters.MainWindow..ctor" ThreadId="9">
  <Message>MainWindow initializing.</Message>
</LogEntry>
<LogEntry Date="2014-11-08 21:17:10" Severity="Info" Source="Converters.MainWindow.Window_SourceInitialized" ThreadId="9">
  <Message>Window_SourceInitialized.</Message>
</LogEntry>
<LogEntry Date="2014-11-08 21:17:10" Severity="Info" Source="Converters.Models.DatabaseReader.mbConnectToDatabase" ThreadId="9">
  <Message>Connecting to database...</Message>
</LogEntry>
<LogEntry Date="2014-11-08 21:17:10" Severity="Info" Source="Converters.Models.DatabaseReader.mbConnectToDatabase" ThreadId="9">
  <Message>App Folder: C:\Users\mbishop\Documents\GitHub\Creel\SchoolBookBags\SchoolBookBags\bin\Debug\ XML Path: C:\Users\mbishop\Documents\GitHub\Creel\SchoolBookBags\SchoolBookBags\bin\Debug\database.xml</Message>
</LogEntry>
<LogEntry Date="2014-11-08 21:17:10" Severity="Info" Source="Converters.Models.DatabaseReader.InitBasicInfo" ThreadId="9">
  <Message>Database initializing basic information.</Message>
</LogEntry>
<LogEntry Date="2014-11-08 21:17:10" Severity="Info" Source="Converters.Models.DatabaseReader.mbImportStudents" ThreadId="9">
  <Message>Intializing students list from database.</Message>
</LogEntry>
<LogEntry Date="2014-11-08 21:17:10" Severity="Info" Source="Converters.Models.DatabaseReader.mbImportBags" ThreadId="9">
  <Message>Intializing bags list from database.</Message>
</LogEntry>
<LogEntry Date="2014-11-08 21:17:10" Severity="Info" Source="Converters.Models.DatabaseReader.mbImportHistory" ThreadId="9">
  <Message>Intializing history from database.</Message>
</LogEntry>
<LogEntry Date="2014-11-08 21:17:10" Severity="Info" Source="Converters.ViewModels.HistoryViewViewModel.UpdateHistory" ThreadId="9">
  <Message>Updating history.</Message>
</LogEntry>
<LogEntry Date="2014-11-08 21:17:10" Severity="Info" Source="Converters.MainWindow.InitViews" ThreadId="9">
  <Message>Main Page init views.</Message>
</LogEntry>
<LogEntry Date="2014-11-08 21:17:10" Severity="Info" Source="Converters.ViewModels.AddANewStudentViewModel..ctor" ThreadId="9">
  <Message>Adding a new student view model.</Message>
</LogEntry>
<LogEntry Date="2014-11-08 21:17:10" Severity="Info" Source="Converters.MainWindow.MainPage_Loaded" ThreadId="9">
  <Message>Main Page loading.</Message>
</LogEntry>
<LogEntry Date="2014-11-08 21:17:10" Severity="Info" Source="Converters.MainWindow.MainPage_Loaded" ThreadId="9">
  <Message>Main Page loading.</Message>
</LogEntry>
