<LogEntry Date="2014-09-14 21:57:43" Severity="Info" Source="Converters.MainWindow..ctor" ThreadId="1">
  <Message>Test entry to see if logging works.</Message>
</LogEntry>
<LogEntry Date="2014-09-14 21:57:44" Severity="Info" Source="Converters.MainWindow..ctor" ThreadId="1">
  <Message>MainWindow initializing.</Message>
</LogEntry>
<LogEntry Date="2014-09-14 21:57:44" Severity="Info" Source="Converters.MainWindow.Window_SourceInitialized" ThreadId="1">
  <Message>Window_SourceInitialized.</Message>
</LogEntry>
<LogEntry Date="2014-09-14 21:57:44" Severity="Info" Source="Converters.Models.DatabaseReader.mbConnectToDatabase" ThreadId="1">
  <Message>Connecting to database...</Message>
</LogEntry>
<LogEntry Date="2014-09-14 21:57:44" Severity="Info" Source="Converters.Models.DatabaseReader.mbConnectToDatabase" ThreadId="1">
  <Message>App Folder: C:\Users\mbishop\Documents\GitHub\Creel\SchoolBookBags\SchoolBookBags\bin\Release\ XML Path: C:\Users\mbishop\Documents\GitHub\Creel\SchoolBookBags\SchoolBookBags\bin\Release\database.xml</Message>
</LogEntry>
<LogEntry Date="2014-09-14 21:57:44" Severity="Info" Source="Converters.Models.DatabaseReader.InitBasicInfo" ThreadId="1">
  <Message>Database initializing basic information.</Message>
</LogEntry>
<LogEntry Date="2014-09-14 21:57:44" Severity="Info" Source="Converters.Models.DatabaseReader.mbImportStudents" ThreadId="1">
  <Message>Intializing students list from database.</Message>
</LogEntry>
<LogEntry Date="2014-09-14 21:57:44" Severity="Info" Source="Converters.Models.DatabaseReader.mbImportBags" ThreadId="1">
  <Message>Intializing bags list from database.</Message>
</LogEntry>
<LogEntry Date="2014-09-14 21:57:44" Severity="Info" Source="Converters.Models.DatabaseReader.mbImportHistory" ThreadId="1">
  <Message>Intializing history from database.</Message>
</LogEntry>
<LogEntry Date="2014-09-14 21:57:44" Severity="Info" Source="Converters.ViewModels.HistoryViewViewModel.UpdateHistory" ThreadId="1">
  <Message>Updating history.</Message>
</LogEntry>
<LogEntry Date="2014-09-14 21:57:44" Severity="Info" Source="Converters.MainWindow.InitViews" ThreadId="1">
  <Message>Main Page init views.</Message>
</LogEntry>
<LogEntry Date="2014-09-14 21:57:44" Severity="Info" Source="Converters.ViewModels.AddANewStudentViewModel..ctor" ThreadId="1">
  <Message>Adding a new student view model.</Message>
</LogEntry>
<LogEntry Date="2014-09-14 21:57:44" Severity="Info" Source="Converters.MainWindow.MainPage_Loaded" ThreadId="1">
  <Message>Main Page loading.</Message>
</LogEntry>
<LogEntry Date="2014-09-14 21:57:44" Severity="Info" Source="Converters.MainWindow.MainPage_Loaded" ThreadId="1">
  <Message>Main Page loading.</Message>
</LogEntry>
<LogEntry Date="2014-09-14 21:58:59" Severity="Info" Source="Converters.MainWindow.MainWindow_Closing" ThreadId="1">
  <Message>Main Page closing.</Message>
</LogEntry>
<LogEntry Date="2014-09-14 22:11:31" Severity="Info" Source="Converters.MainWindow..ctor" ThreadId="10">
  <Message>Test entry to see if logging works.</Message>
</LogEntry>
<LogEntry Date="2014-09-14 22:11:31" Severity="Info" Source="Converters.MainWindow..ctor" ThreadId="10">
  <Message>MainWindow initializing.</Message>
</LogEntry>
<LogEntry Date="2014-09-14 22:11:31" Severity="Info" Source="Converters.MainWindow.Window_SourceInitialized" ThreadId="10">
  <Message>Window_SourceInitialized.</Message>
</LogEntry>
<LogEntry Date="2014-09-14 22:11:31" Severity="Info" Source="Converters.Models.DatabaseReader.mbConnectToDatabase" ThreadId="10">
  <Message>Connecting to database...</Message>
</LogEntry>
<LogEntry Date="2014-09-14 22:11:31" Severity="Info" Source="Converters.Models.DatabaseReader.mbConnectToDatabase" ThreadId="10">
  <Message>App Folder: C:\Users\mbishop\Documents\GitHub\Creel\SchoolBookBags\SchoolBookBags\bin\Release\ XML Path: C:\Users\mbishop\Documents\GitHub\Creel\SchoolBookBags\SchoolBookBags\bin\Release\database.xml</Message>
</LogEntry>
<LogEntry Date="2014-09-14 22:11:31" Severity="Info" Source="Converters.Models.DatabaseReader.InitBasicInfo" ThreadId="10">
  <Message>Database initializing basic information.</Message>
</LogEntry>
<LogEntry Date="2014-09-14 22:11:32" Severity="Info" Source="Converters.Models.DatabaseReader.mbImportStudents" ThreadId="10">
  <Message>Intializing students list from database.</Message>
</LogEntry>
<LogEntry Date="2014-09-14 22:11:32" Severity="Info" Source="Converters.Models.DatabaseReader.mbImportBags" ThreadId="10">
  <Message>Intializing bags list from database.</Message>
</LogEntry>
<LogEntry Date="2014-09-14 22:11:32" Severity="Info" Source="Converters.Models.DatabaseReader.mbImportHistory" ThreadId="10">
  <Message>Intializing history from database.</Message>
</LogEntry>
<LogEntry Date="2014-09-14 22:11:32" Severity="Info" Source="Converters.ViewModels.HistoryViewViewModel.UpdateHistory" ThreadId="10">
  <Message>Updating history.</Message>
</LogEntry>
<LogEntry Date="2014-09-14 22:11:32" Severity="Info" Source="Converters.MainWindow.InitViews" ThreadId="10">
  <Message>Main Page init views.</Message>
</LogEntry>
<LogEntry Date="2014-09-14 22:11:32" Severity="Info" Source="Converters.ViewModels.AddANewStudentViewModel..ctor" ThreadId="10">
  <Message>Adding a new student view model.</Message>
</LogEntry>
<LogEntry Date="2014-09-14 22:11:32" Severity="Info" Source="Converters.MainWindow.MainPage_Loaded" ThreadId="10">
  <Message>Main Page loading.</Message>
</LogEntry>
<LogEntry Date="2014-09-14 22:11:32" Severity="Info" Source="Converters.MainWindow.MainPage_Loaded" ThreadId="10">
  <Message>Main Page loading.</Message>
</LogEntry>
<LogEntry Date="2014-09-14 22:11:39" Severity="Info" Source="Converters.ViewModels.HistoryViewViewModel.UpdateHistory" ThreadId="10">
  <Message>Updating history.</Message>
</LogEntry>
<LogEntry Date="2014-09-14 22:11:39" Severity="Info" Source="Converters.MainWindow.SelectedStudentChanged" ThreadId="10">
  <Message>SelectedStudentChanged called by ChildButton_Click.</Message>
</LogEntry>
<LogEntry Date="2014-09-14 22:11:39" Severity="Info" Source="Converters.MainWindow.SelectedStudentChanged" ThreadId="10">
  <Message>SelectedStudentChanged called by ChildButton_Click.</Message>
</LogEntry>
<LogEntry Date="2014-09-14 22:11:39" Severity="Info" Source="Converters.Models.DatabaseReader.SaveBasicInfo" ThreadId="10">
  <Message>Saving basic information to database.</Message>
</LogEntry>
<LogEntry Date="2014-09-14 22:11:39" Severity="Info" Source="Converters.Models.DatabaseReader.SaveHistory" ThreadId="10">
  <Message>Saving history to database.</Message>
</LogEntry>
<LogEntry Date="2014-09-14 22:11:39" Severity="Info" Source="Converters.Models.DatabaseReader.SaveStudents" ThreadId="10">
  <Message>Saving students to database.</Message>
</LogEntry>
<LogEntry Date="2014-09-14 22:11:39" Severity="Info" Source="Converters.Models.DatabaseReader.SaveStudents" ThreadId="10">
  <Message>Saving students to database.</Message>
</LogEntry>
<LogEntry Date="2014-09-14 22:11:39" Severity="Info" Source="Converters.Models.DatabaseReader.SaveBagData" ThreadId="10">
  <Message>Saving bag data to database.</Message>
</LogEntry>
<LogEntry Date="2014-09-14 22:13:47" Severity="Info" Source="Converters.Models.DatabaseReader.SaveBasicInfo" ThreadId="10">
  <Message>Saving basic information to database.</Message>
</LogEntry>
<LogEntry Date="2014-09-14 22:13:47" Severity="Info" Source="Converters.Models.DatabaseReader.SaveHistory" ThreadId="10">
  <Message>Saving history to database.</Message>
</LogEntry>
<LogEntry Date="2014-09-14 22:13:47" Severity="Info" Source="Converters.Models.DatabaseReader.SaveStudents" ThreadId="10">
  <Message>Saving students to database.</Message>
</LogEntry>
<LogEntry Date="2014-09-14 22:13:47" Severity="Info" Source="Converters.Models.DatabaseReader.SaveBagData" ThreadId="10">
  <Message>Saving bag data to database.</Message>
</LogEntry>
<LogEntry Date="2014-09-14 22:13:47" Severity="Info" Source="Converters.MainWindow.SelectedStudentChanged" ThreadId="10">
  <Message>SelectedStudentChanged called by ChildButton_Click.</Message>
</LogEntry>
<LogEntry Date="2014-09-14 22:13:47" Severity="Info" Source="Converters.ViewModels.HistoryViewViewModel.UpdateSelectedStatus" ThreadId="10">
  <Message>History UpdateSelectedStatus.</Message>
</LogEntry>
<LogEntry Date="2014-09-14 22:13:47" Severity="Info" Source="Converters.MainWindow.SelectedStudentChanged" ThreadId="10">
  <Message>SelectedStudentChanged called by ChildButton_Click.</Message>
</LogEntry>
<LogEntry Date="2014-09-14 22:13:47" Severity="Info" Source="Converters.ViewModels.HistoryViewViewModel.UpdateSelectedStatus" ThreadId="10">
  <Message>History UpdateSelectedStatus.</Message>
</LogEntry>
<LogEntry Date="2014-09-14 22:13:50" Severity="Info" Source="Converters.MainWindow.SelectedStudentChanged" ThreadId="10">
  <Message>SelectedStudentChanged called by ChildButton_Click.</Message>
</LogEntry>
<LogEntry Date="2014-09-14 22:13:50" Severity="Info" Source="Converters.ViewModels.HistoryViewViewModel.UpdateSelectedStatus" ThreadId="10">
  <Message>History UpdateSelectedStatus.</Message>
</LogEntry>
<LogEntry Date="2014-09-14 22:13:50" Severity="Info" Source="Converters.MainWindow.SelectedStudentChanged" ThreadId="10">
  <Message>SelectedStudentChanged called by ChildButton_Click.</Message>
</LogEntry>
<LogEntry Date="2014-09-14 22:13:50" Severity="Info" Source="Converters.ViewModels.HistoryViewViewModel.UpdateSelectedStatus" ThreadId="10">
  <Message>History UpdateSelectedStatus.</Message>
</LogEntry>
<LogEntry Date="2014-09-14 22:13:55" Severity="Info" Source="Converters.MainWindow.CheckOutBook" ThreadId="10">
  <Message>CheckOutBook called.</Message>
</LogEntry>
<LogEntry Date="2014-09-14 22:13:55" Severity="Info" Source="Converters.ViewModels.HistoryViewViewModel.UpdateHistory" ThreadId="10">
  <Message>Updating history.</Message>
</LogEntry>
<LogEntry Date="2014-09-14 22:13:56" Severity="Info" Source="Converters.MainWindow.SelectedStudentChanged" ThreadId="10">
  <Message>SelectedStudentChanged called by ChildButton_Click.</Message>
</LogEntry>
<LogEntry Date="2014-09-14 22:13:56" Severity="Info" Source="Converters.ViewModels.HistoryViewViewModel.UpdateSelectedStatus" ThreadId="10">
  <Message>History UpdateSelectedStatus.</Message>
</LogEntry>
<LogEntry Date="2014-09-14 22:13:56" Severity="Info" Source="Converters.MainWindow.SelectedStudentChanged" ThreadId="10">
  <Message>SelectedStudentChanged called by ChildButton_Click.</Message>
</LogEntry>
<LogEntry Date="2014-09-14 22:13:56" Severity="Info" Source="Converters.ViewModels.HistoryViewViewModel.UpdateSelectedStatus" ThreadId="10">
  <Message>History UpdateSelectedStatus.</Message>
</LogEntry>
<LogEntry Date="2014-09-14 22:13:58" Severity="Info" Source="Converters.MainWindow.CheckOutBook" ThreadId="10">
  <Message>CheckOutBook called.</Message>
</LogEntry>
<LogEntry Date="2014-09-14 22:13:58" Severity="Info" Source="Converters.ViewModels.HistoryViewViewModel.UpdateHistory" ThreadId="10">
  <Message>Updating history.</Message>
</LogEntry>
<LogEntry Date="2014-09-14 22:13:59" Severity="Info" Source="Converters.MainWindow.SelectedStudentChanged" ThreadId="10">
  <Message>SelectedStudentChanged called by ChildButton_Click.</Message>
</LogEntry>
<LogEntry Date="2014-09-14 22:13:59" Severity="Info" Source="Converters.ViewModels.HistoryViewViewModel.UpdateSelectedStatus" ThreadId="10">
  <Message>History UpdateSelectedStatus.</Message>
</LogEntry>
<LogEntry Date="2014-09-14 22:13:59" Severity="Info" Source="Converters.MainWindow.SelectedStudentChanged" ThreadId="10">
  <Message>SelectedStudentChanged called by ChildButton_Click.</Message>
</LogEntry>
<LogEntry Date="2014-09-14 22:13:59" Severity="Info" Source="Converters.ViewModels.HistoryViewViewModel.UpdateSelectedStatus" ThreadId="10">
  <Message>History UpdateSelectedStatus.</Message>
</LogEntry>
<LogEntry Date="2014-09-14 22:14:01" Severity="Info" Source="Converters.MainWindow.CheckOutBook" ThreadId="10">
  <Message>CheckOutBook called.</Message>
</LogEntry>
<LogEntry Date="2014-09-14 22:14:01" Severity="Info" Source="Converters.ViewModels.HistoryViewViewModel.UpdateHistory" ThreadId="10">
  <Message>Updating history.</Message>
</LogEntry>
<LogEntry Date="2014-09-14 22:14:02" Severity="Info" Source="Converters.MainWindow.SelectedStudentChanged" ThreadId="10">
  <Message>SelectedStudentChanged called by ChildButton_Click.</Message>
</LogEntry>
<LogEntry Date="2014-09-14 22:14:02" Severity="Info" Source="Converters.ViewModels.HistoryViewViewModel.UpdateSelectedStatus" ThreadId="10">
  <Message>History UpdateSelectedStatus.</Message>
</LogEntry>
<LogEntry Date="2014-09-14 22:14:02" Severity="Info" Source="Converters.MainWindow.SelectedStudentChanged" ThreadId="10">
  <Message>SelectedStudentChanged called by ChildButton_Click.</Message>
</LogEntry>
<LogEntry Date="2014-09-14 22:14:02" Severity="Info" Source="Converters.ViewModels.HistoryViewViewModel.UpdateSelectedStatus" ThreadId="10">
  <Message>History UpdateSelectedStatus.</Message>
</LogEntry>
<LogEntry Date="2014-09-14 22:14:04" Severity="Info" Source="Converters.MainWindow.CheckOutBook" ThreadId="10">
  <Message>CheckOutBook called.</Message>
</LogEntry>
<LogEntry Date="2014-09-14 22:14:04" Severity="Info" Source="Converters.ViewModels.HistoryViewViewModel.UpdateHistory" ThreadId="10">
  <Message>Updating history.</Message>
</LogEntry>
<LogEntry Date="2014-09-14 22:14:06" Severity="Info" Source="Converters.MainWindow.CheckInBook" ThreadId="10">
  <Message>CheckInBook called by ChildButton_Click.</Message>
</LogEntry>
<LogEntry Date="2014-09-14 22:14:08" Severity="Info" Source="Converters.ViewModels.HistoryViewViewModel.UpdateHistory" ThreadId="10">
  <Message>Updating history.</Message>
</LogEntry>
<LogEntry Date="2014-09-14 22:14:10" Severity="Info" Source="Converters.MainWindow.SelectedStudentChanged" ThreadId="10">
  <Message>SelectedStudentChanged called by ChildButton_Click.</Message>
</LogEntry>
<LogEntry Date="2014-09-14 22:14:10" Severity="Info" Source="Converters.ViewModels.HistoryViewViewModel.UpdateSelectedStatus" ThreadId="10">
  <Message>History UpdateSelectedStatus.</Message>
</LogEntry>
<LogEntry Date="2014-09-14 22:14:10" Severity="Info" Source="Converters.MainWindow.SelectedStudentChanged" ThreadId="10">
  <Message>SelectedStudentChanged called by ChildButton_Click.</Message>
</LogEntry>
<LogEntry Date="2014-09-14 22:14:10" Severity="Info" Source="Converters.ViewModels.HistoryViewViewModel.UpdateSelectedStatus" ThreadId="10">
  <Message>History UpdateSelectedStatus.</Message>
</LogEntry>
<LogEntry Date="2014-09-14 22:14:10" Severity="Info" Source="Converters.MainWindow.CheckInBook" ThreadId="10">
  <Message>CheckInBook called by ChildButton_Click.</Message>
</LogEntry>
<LogEntry Date="2014-09-14 22:14:13" Severity="Info" Source="Converters.ViewModels.HistoryViewViewModel.UpdateHistory" ThreadId="10">
  <Message>Updating history.</Message>
</LogEntry>
<LogEntry Date="2014-09-14 22:14:14" Severity="Info" Source="Converters.MainWindow.SelectedStudentChanged" ThreadId="10">
  <Message>SelectedStudentChanged called by ChildButton_Click.</Message>
</LogEntry>
<LogEntry Date="2014-09-14 22:14:14" Severity="Info" Source="Converters.ViewModels.HistoryViewViewModel.UpdateSelectedStatus" ThreadId="10">
  <Message>History UpdateSelectedStatus.</Message>
</LogEntry>
<LogEntry Date="2014-09-14 22:14:14" Severity="Info" Source="Converters.MainWindow.SelectedStudentChanged" ThreadId="10">
  <Message>SelectedStudentChanged called by ChildButton_Click.</Message>
</LogEntry>
<LogEntry Date="2014-09-14 22:14:14" Severity="Info" Source="Converters.ViewModels.HistoryViewViewModel.UpdateSelectedStatus" ThreadId="10">
  <Message>History UpdateSelectedStatus.</Message>
</LogEntry>
<LogEntry Date="2014-09-14 22:14:14" Severity="Info" Source="Converters.MainWindow.CheckInBook" ThreadId="10">
  <Message>CheckInBook called by ChildButton_Click.</Message>
</LogEntry>
<LogEntry Date="2014-09-14 22:14:17" Severity="Info" Source="Converters.ViewModels.HistoryViewViewModel.UpdateHistory" ThreadId="10">
  <Message>Updating history.</Message>
</LogEntry>
<LogEntry Date="2014-09-14 22:14:18" Severity="Info" Source="Converters.MainWindow.SelectedStudentChanged" ThreadId="10">
  <Message>SelectedStudentChanged called by ChildButton_Click.</Message>
</LogEntry>
<LogEntry Date="2014-09-14 22:14:18" Severity="Info" Source="Converters.ViewModels.HistoryViewViewModel.UpdateSelectedStatus" ThreadId="10">
  <Message>History UpdateSelectedStatus.</Message>
</LogEntry>
<LogEntry Date="2014-09-14 22:14:18" Severity="Info" Source="Converters.MainWindow.SelectedStudentChanged" ThreadId="10">
  <Message>SelectedStudentChanged called by ChildButton_Click.</Message>
</LogEntry>
<LogEntry Date="2014-09-14 22:14:18" Severity="Info" Source="Converters.ViewModels.HistoryViewViewModel.UpdateSelectedStatus" ThreadId="10">
  <Message>History UpdateSelectedStatus.</Message>
</LogEntry>
<LogEntry Date="2014-09-14 22:14:18" Severity="Info" Source="Converters.MainWindow.CheckInBook" ThreadId="10">
  <Message>CheckInBook called by ChildButton_Click.</Message>
</LogEntry>
<LogEntry Date="2014-09-14 22:14:26" Severity="Info" Source="Converters.ViewModels.HistoryViewViewModel.UpdateHistory" ThreadId="10">
  <Message>Updating history.</Message>
</LogEntry>
<LogEntry Date="2014-09-14 22:14:28" Severity="Info" Source="Converters.MainWindow.SelectedStudentChanged" ThreadId="10">
  <Message>SelectedStudentChanged called by ChildButton_Click.</Message>
</LogEntry>
<LogEntry Date="2014-09-14 22:14:28" Severity="Info" Source="Converters.ViewModels.HistoryViewViewModel.UpdateSelectedStatus" ThreadId="10">
  <Message>History UpdateSelectedStatus.</Message>
</LogEntry>
<LogEntry Date="2014-09-14 22:14:28" Severity="Info" Source="Converters.MainWindow.SelectedStudentChanged" ThreadId="10">
  <Message>SelectedStudentChanged called by ChildButton_Click.</Message>
</LogEntry>
<LogEntry Date="2014-09-14 22:14:28" Severity="Info" Source="Converters.ViewModels.HistoryViewViewModel.UpdateSelectedStatus" ThreadId="10">
  <Message>History UpdateSelectedStatus.</Message>
</LogEntry>
<LogEntry Date="2014-09-14 22:14:30" Severity="Info" Source="Converters.MainWindow.CheckOutBook" ThreadId="10">
  <Message>CheckOutBook called.</Message>
</LogEntry>
<LogEntry Date="2014-09-14 22:14:30" Severity="Info" Source="Converters.ViewModels.HistoryViewViewModel.UpdateHistory" ThreadId="10">
  <Message>Updating history.</Message>
</LogEntry>
<LogEntry Date="2014-09-14 22:14:31" Severity="Info" Source="Converters.MainWindow.SelectedStudentChanged" ThreadId="10">
  <Message>SelectedStudentChanged called by ChildButton_Click.</Message>
</LogEntry>
<LogEntry Date="2014-09-14 22:14:31" Severity="Info" Source="Converters.ViewModels.HistoryViewViewModel.UpdateSelectedStatus" ThreadId="10">
  <Message>History UpdateSelectedStatus.</Message>
</LogEntry>
<LogEntry Date="2014-09-14 22:14:31" Severity="Info" Source="Converters.MainWindow.SelectedStudentChanged" ThreadId="10">
  <Message>SelectedStudentChanged called by ChildButton_Click.</Message>
</LogEntry>
<LogEntry Date="2014-09-14 22:14:31" Severity="Info" Source="Converters.ViewModels.HistoryViewViewModel.UpdateSelectedStatus" ThreadId="10">
  <Message>History UpdateSelectedStatus.</Message>
</LogEntry>
<LogEntry Date="2014-09-14 22:14:32" Severity="Info" Source="Converters.MainWindow.CheckOutBook" ThreadId="10">
  <Message>CheckOutBook called.</Message>
</LogEntry>
<LogEntry Date="2014-09-14 22:14:32" Severity="Info" Source="Converters.ViewModels.HistoryViewViewModel.UpdateHistory" ThreadId="10">
  <Message>Updating history.</Message>
</LogEntry>
<LogEntry Date="2014-09-14 22:14:34" Severity="Info" Source="Converters.MainWindow.SelectedStudentChanged" ThreadId="10">
  <Message>SelectedStudentChanged called by ChildButton_Click.</Message>
</LogEntry>
<LogEntry Date="2014-09-14 22:14:34" Severity="Info" Source="Converters.ViewModels.HistoryViewViewModel.UpdateSelectedStatus" ThreadId="10">
  <Message>History UpdateSelectedStatus.</Message>
</LogEntry>
<LogEntry Date="2014-09-14 22:14:34" Severity="Info" Source="Converters.MainWindow.SelectedStudentChanged" ThreadId="10">
  <Message>SelectedStudentChanged called by ChildButton_Click.</Message>
</LogEntry>
<LogEntry Date="2014-09-14 22:14:34" Severity="Info" Source="Converters.ViewModels.HistoryViewViewModel.UpdateSelectedStatus" ThreadId="10">
  <Message>History UpdateSelectedStatus.</Message>
</LogEntry>
<LogEntry Date="2014-09-14 22:14:35" Severity="Info" Source="Converters.MainWindow.CheckOutBook" ThreadId="10">
  <Message>CheckOutBook called.</Message>
</LogEntry>
<LogEntry Date="2014-09-14 22:14:35" Severity="Info" Source="Converters.ViewModels.HistoryViewViewModel.UpdateHistory" ThreadId="10">
  <Message>Updating history.</Message>
</LogEntry>
<LogEntry Date="2014-09-14 22:14:37" Severity="Info" Source="Converters.MainWindow.SelectedStudentChanged" ThreadId="10">
  <Message>SelectedStudentChanged called by ChildButton_Click.</Message>
</LogEntry>
<LogEntry Date="2014-09-14 22:14:37" Severity="Info" Source="Converters.ViewModels.HistoryViewViewModel.UpdateSelectedStatus" ThreadId="10">
  <Message>History UpdateSelectedStatus.</Message>
</LogEntry>
<LogEntry Date="2014-09-14 22:14:37" Severity="Info" Source="Converters.MainWindow.SelectedStudentChanged" ThreadId="10">
  <Message>SelectedStudentChanged called by ChildButton_Click.</Message>
</LogEntry>
<LogEntry Date="2014-09-14 22:14:37" Severity="Info" Source="Converters.ViewModels.HistoryViewViewModel.UpdateSelectedStatus" ThreadId="10">
  <Message>History UpdateSelectedStatus.</Message>
</LogEntry>
<LogEntry Date="2014-09-14 22:14:40" Severity="Info" Source="Converters.MainWindow.CheckOutBook" ThreadId="10">
  <Message>CheckOutBook called.</Message>
</LogEntry>
<LogEntry Date="2014-09-14 22:14:40" Severity="Info" Source="Converters.ViewModels.HistoryViewViewModel.UpdateHistory" ThreadId="10">
  <Message>Updating history.</Message>
</LogEntry>
<LogEntry Date="2014-09-14 22:14:42" Severity="Info" Source="Converters.MainWindow.CheckInBook" ThreadId="10">
  <Message>CheckInBook called by ChildButton_Click.</Message>
</LogEntry>
<LogEntry Date="2014-09-14 22:14:43" Severity="Info" Source="Converters.ViewModels.HistoryViewViewModel.UpdateHistory" ThreadId="10">
  <Message>Updating history.</Message>
</LogEntry>
<LogEntry Date="2014-09-14 22:14:44" Severity="Info" Source="Converters.MainWindow.SelectedStudentChanged" ThreadId="10">
  <Message>SelectedStudentChanged called by ChildButton_Click.</Message>
</LogEntry>
<LogEntry Date="2014-09-14 22:14:44" Severity="Info" Source="Converters.ViewModels.HistoryViewViewModel.UpdateSelectedStatus" ThreadId="10">
  <Message>History UpdateSelectedStatus.</Message>
</LogEntry>
<LogEntry Date="2014-09-14 22:14:44" Severity="Info" Source="Converters.MainWindow.SelectedStudentChanged" ThreadId="10">
  <Message>SelectedStudentChanged called by ChildButton_Click.</Message>
</LogEntry>
<LogEntry Date="2014-09-14 22:14:44" Severity="Info" Source="Converters.ViewModels.HistoryViewViewModel.UpdateSelectedStatus" ThreadId="10">
  <Message>History UpdateSelectedStatus.</Message>
</LogEntry>
<LogEntry Date="2014-09-14 22:14:44" Severity="Info" Source="Converters.MainWindow.CheckInBook" ThreadId="10">
  <Message>CheckInBook called by ChildButton_Click.</Message>
</LogEntry>
<LogEntry Date="2014-09-14 22:14:46" Severity="Info" Source="Converters.ViewModels.HistoryViewViewModel.UpdateHistory" ThreadId="10">
  <Message>Updating history.</Message>
</LogEntry>
<LogEntry Date="2014-09-14 22:14:48" Severity="Info" Source="Converters.MainWindow.SelectedStudentChanged" ThreadId="10">
  <Message>SelectedStudentChanged called by ChildButton_Click.</Message>
</LogEntry>
<LogEntry Date="2014-09-14 22:14:48" Severity="Info" Source="Converters.ViewModels.HistoryViewViewModel.UpdateSelectedStatus" ThreadId="10">
  <Message>History UpdateSelectedStatus.</Message>
</LogEntry>
<LogEntry Date="2014-09-14 22:14:48" Severity="Info" Source="Converters.MainWindow.SelectedStudentChanged" ThreadId="10">
  <Message>SelectedStudentChanged called by ChildButton_Click.</Message>
</LogEntry>
<LogEntry Date="2014-09-14 22:14:48" Severity="Info" Source="Converters.ViewModels.HistoryViewViewModel.UpdateSelectedStatus" ThreadId="10">
  <Message>History UpdateSelectedStatus.</Message>
</LogEntry>
<LogEntry Date="2014-09-14 22:14:48" Severity="Info" Source="Converters.MainWindow.CheckInBook" ThreadId="10">
  <Message>CheckInBook called by ChildButton_Click.</Message>
</LogEntry>
<LogEntry Date="2014-09-14 22:14:51" Severity="Info" Source="Converters.ViewModels.HistoryViewViewModel.UpdateHistory" ThreadId="10">
  <Message>Updating history.</Message>
</LogEntry>
<LogEntry Date="2014-09-14 22:15:14" Severity="Info" Source="Converters.MainWindow.SelectedStudentChanged" ThreadId="10">
  <Message>SelectedStudentChanged called by ChildButton_Click.</Message>
</LogEntry>
<LogEntry Date="2014-09-14 22:15:14" Severity="Info" Source="Converters.ViewModels.HistoryViewViewModel.UpdateSelectedStatus" ThreadId="10">
  <Message>History UpdateSelectedStatus.</Message>
</LogEntry>
<LogEntry Date="2014-09-14 22:15:14" Severity="Info" Source="Converters.MainWindow.SelectedStudentChanged" ThreadId="10">
  <Message>SelectedStudentChanged called by ChildButton_Click.</Message>
</LogEntry>
<LogEntry Date="2014-09-14 22:15:14" Severity="Info" Source="Converters.ViewModels.HistoryViewViewModel.UpdateSelectedStatus" ThreadId="10">
  <Message>History UpdateSelectedStatus.</Message>
</LogEntry>
<LogEntry Date="2014-09-14 22:15:14" Severity="Info" Source="Converters.MainWindow.CheckInBook" ThreadId="10">
  <Message>CheckInBook called by ChildButton_Click.</Message>
</LogEntry>
<LogEntry Date="2014-09-14 22:15:21" Severity="Info" Source="Converters.ViewModels.HistoryViewViewModel.UpdateHistory" ThreadId="10">
  <Message>Updating history.</Message>
</LogEntry>
<LogEntry Date="2014-09-14 22:15:39" Severity="Info" Source="Converters.MainWindow.SelectedStudentChanged" ThreadId="10">
  <Message>SelectedStudentChanged called by ChildButton_Click.</Message>
</LogEntry>
<LogEntry Date="2014-09-14 22:15:39" Severity="Info" Source="Converters.ViewModels.HistoryViewViewModel.UpdateSelectedStatus" ThreadId="10">
  <Message>History UpdateSelectedStatus.</Message>
</LogEntry>
<LogEntry Date="2014-09-14 22:15:39" Severity="Info" Source="Converters.MainWindow.SelectedStudentChanged" ThreadId="10">
  <Message>SelectedStudentChanged called by ChildButton_Click.</Message>
</LogEntry>
<LogEntry Date="2014-09-14 22:15:39" Severity="Info" Source="Converters.ViewModels.HistoryViewViewModel.UpdateSelectedStatus" ThreadId="10">
  <Message>History UpdateSelectedStatus.</Message>
</LogEntry>
<LogEntry Date="2014-09-14 22:15:44" Severity="Info" Source="Converters.MainWindow.CheckOutBook" ThreadId="10">
  <Message>CheckOutBook called.</Message>
</LogEntry>
<LogEntry Date="2014-09-14 22:15:44" Severity="Info" Source="Converters.ViewModels.HistoryViewViewModel.UpdateHistory" ThreadId="10">
  <Message>Updating history.</Message>
</LogEntry>
<LogEntry Date="2014-09-14 22:15:45" Severity="Info" Source="Converters.MainWindow.CheckInBook" ThreadId="10">
  <Message>CheckInBook called by ChildButton_Click.</Message>
</LogEntry>
<LogEntry Date="2014-09-14 22:15:47" Severity="Info" Source="Converters.ViewModels.HistoryViewViewModel.UpdateHistory" ThreadId="10">
  <Message>Updating history.</Message>
</LogEntry>
<LogEntry Date="2014-09-14 22:15:49" Severity="Info" Source="Converters.MainWindow.CheckOutBook" ThreadId="10">
  <Message>CheckOutBook called.</Message>
</LogEntry>
<LogEntry Date="2014-09-14 22:15:49" Severity="Info" Source="Converters.ViewModels.HistoryViewViewModel.UpdateHistory" ThreadId="10">
  <Message>Updating history.</Message>
</LogEntry>
<LogEntry Date="2014-09-14 22:15:51" Severity="Info" Source="Converters.MainWindow.CheckInBook" ThreadId="10">
  <Message>CheckInBook called by ChildButton_Click.</Message>
</LogEntry>
<LogEntry Date="2014-09-14 22:15:54" Severity="Info" Source="Converters.ViewModels.HistoryViewViewModel.UpdateHistory" ThreadId="10">
  <Message>Updating history.</Message>
</LogEntry>
<LogEntry Date="2014-09-14 22:16:08" Severity="Info" Source="Converters.MainWindow.SelectedStudentChanged" ThreadId="10">
  <Message>SelectedStudentChanged called by ChildButton_Click.</Message>
</LogEntry>
<LogEntry Date="2014-09-14 22:16:08" Severity="Info" Source="Converters.ViewModels.HistoryViewViewModel.UpdateSelectedStatus" ThreadId="10">
  <Message>History UpdateSelectedStatus.</Message>
</LogEntry>
<LogEntry Date="2014-09-14 22:16:08" Severity="Info" Source="Converters.MainWindow.SelectedStudentChanged" ThreadId="10">
  <Message>SelectedStudentChanged called by ChildButton_Click.</Message>
</LogEntry>
<LogEntry Date="2014-09-14 22:16:08" Severity="Info" Source="Converters.ViewModels.HistoryViewViewModel.UpdateSelectedStatus" ThreadId="10">
  <Message>History UpdateSelectedStatus.</Message>
</LogEntry>
<LogEntry Date="2014-09-14 22:16:11" Severity="Info" Source="Converters.MainWindow.SelectedStudentChanged" ThreadId="10">
  <Message>SelectedStudentChanged called by ChildButton_Click.</Message>
</LogEntry>
<LogEntry Date="2014-09-14 22:16:11" Severity="Info" Source="Converters.ViewModels.HistoryViewViewModel.UpdateSelectedStatus" ThreadId="10">
  <Message>History UpdateSelectedStatus.</Message>
</LogEntry>
<LogEntry Date="2014-09-14 22:16:11" Severity="Info" Source="Converters.MainWindow.SelectedStudentChanged" ThreadId="10">
  <Message>SelectedStudentChanged called by ChildButton_Click.</Message>
</LogEntry>
<LogEntry Date="2014-09-14 22:16:11" Severity="Info" Source="Converters.ViewModels.HistoryViewViewModel.UpdateSelectedStatus" ThreadId="10">
  <Message>History UpdateSelectedStatus.</Message>
</LogEntry>
<LogEntry Date="2014-09-14 22:16:16" Severity="Info" Source="Converters.MainWindow.CheckOutBook" ThreadId="10">
  <Message>CheckOutBook called.</Message>
</LogEntry>
<LogEntry Date="2014-09-14 22:16:16" Severity="Info" Source="Converters.ViewModels.HistoryViewViewModel.UpdateHistory" ThreadId="10">
  <Message>Updating history.</Message>
</LogEntry>
<LogEntry Date="2014-09-14 22:16:18" Severity="Info" Source="Converters.MainWindow.CheckInBook" ThreadId="10">
  <Message>CheckInBook called by ChildButton_Click.</Message>
</LogEntry>
<LogEntry Date="2014-09-14 22:16:19" Severity="Info" Source="Converters.ViewModels.HistoryViewViewModel.UpdateHistory" ThreadId="10">
  <Message>Updating history.</Message>
</LogEntry>
<LogEntry Date="2014-09-14 22:16:33" Severity="Info" Source="Converters.MainWindow.MainWindow_Closing" ThreadId="10">
  <Message>Main Page closing.</Message>
</LogEntry>
<LogEntry Date="2014-09-14 22:16:35" Severity="Info" Source="Converters.Models.DatabaseReader.SaveBasicInfo" ThreadId="10">
  <Message>Saving basic information to database.</Message>
</LogEntry>
<LogEntry Date="2014-09-14 22:16:35" Severity="Info" Source="Converters.Models.DatabaseReader.SaveHistory" ThreadId="10">
  <Message>Saving history to database.</Message>
</LogEntry>
<LogEntry Date="2014-09-14 22:16:35" Severity="Info" Source="Converters.Models.DatabaseReader.SaveStudents" ThreadId="10">
  <Message>Saving students to database.</Message>
</LogEntry>
<LogEntry Date="2014-09-14 22:16:35" Severity="Info" Source="Converters.Models.DatabaseReader.SaveBagData" ThreadId="10">
  <Message>Saving bag data to database.</Message>
</LogEntry>
<LogEntry Date="2014-09-14 22:17:23" Severity="Info" Source="Converters.MainWindow..ctor" ThreadId="9">
  <Message>Test entry to see if logging works.</Message>
</LogEntry>
<LogEntry Date="2014-09-14 22:17:23" Severity="Info" Source="Converters.MainWindow..ctor" ThreadId="9">
  <Message>MainWindow initializing.</Message>
</LogEntry>
<LogEntry Date="2014-09-14 22:17:23" Severity="Info" Source="Converters.MainWindow.Window_SourceInitialized" ThreadId="9">
  <Message>Window_SourceInitialized.</Message>
</LogEntry>
<LogEntry Date="2014-09-14 22:17:23" Severity="Info" Source="Converters.Models.DatabaseReader.mbConnectToDatabase" ThreadId="9">
  <Message>Connecting to database...</Message>
</LogEntry>
<LogEntry Date="2014-09-14 22:17:23" Severity="Info" Source="Converters.Models.DatabaseReader.mbConnectToDatabase" ThreadId="9">
  <Message>App Folder: C:\Users\mbishop\Documents\GitHub\Creel\SchoolBookBags\SchoolBookBags\bin\Release\ XML Path: C:\Users\mbishop\Documents\GitHub\Creel\SchoolBookBags\SchoolBookBags\bin\Release\database.xml</Message>
</LogEntry>
<LogEntry Date="2014-09-14 22:17:23" Severity="Info" Source="Converters.Models.DatabaseReader.InitBasicInfo" ThreadId="9">
  <Message>Database initializing basic information.</Message>
</LogEntry>
<LogEntry Date="2014-09-14 22:17:23" Severity="Info" Source="Converters.Models.DatabaseReader.mbImportStudents" ThreadId="9">
  <Message>Intializing students list from database.</Message>
</LogEntry>
<LogEntry Date="2014-09-14 22:17:24" Severity="Info" Source="Converters.Models.DatabaseReader.mbImportBags" ThreadId="9">
  <Message>Intializing bags list from database.</Message>
</LogEntry>
<LogEntry Date="2014-09-14 22:17:24" Severity="Info" Source="Converters.Models.DatabaseReader.mbImportHistory" ThreadId="9">
  <Message>Intializing history from database.</Message>
</LogEntry>
<LogEntry Date="2014-09-14 22:17:24" Severity="Info" Source="Converters.ViewModels.HistoryViewViewModel.UpdateHistory" ThreadId="9">
  <Message>Updating history.</Message>
</LogEntry>
<LogEntry Date="2014-09-14 22:17:24" Severity="Info" Source="Converters.MainWindow.InitViews" ThreadId="9">
  <Message>Main Page init views.</Message>
</LogEntry>
<LogEntry Date="2014-09-14 22:17:24" Severity="Info" Source="Converters.ViewModels.AddANewStudentViewModel..ctor" ThreadId="9">
  <Message>Adding a new student view model.</Message>
</LogEntry>
<LogEntry Date="2014-09-14 22:17:24" Severity="Info" Source="Converters.MainWindow.MainPage_Loaded" ThreadId="9">
  <Message>Main Page loading.</Message>
</LogEntry>
<LogEntry Date="2014-09-14 22:17:24" Severity="Info" Source="Converters.MainWindow.MainPage_Loaded" ThreadId="9">
  <Message>Main Page loading.</Message>
</LogEntry>
<LogEntry Date="2014-09-14 22:23:56" Severity="Info" Source="Converters.MainWindow.SelectedStudentChanged" ThreadId="9">
  <Message>SelectedStudentChanged called by ChildButton_Click.</Message>
</LogEntry>
<LogEntry Date="2014-09-14 22:23:56" Severity="Info" Source="Converters.ViewModels.HistoryViewViewModel.UpdateSelectedStatus" ThreadId="9">
  <Message>History UpdateSelectedStatus.</Message>
</LogEntry>
<LogEntry Date="2014-09-14 22:23:56" Severity="Info" Source="Converters.MainWindow.SelectedStudentChanged" ThreadId="9">
  <Message>SelectedStudentChanged called by ChildButton_Click.</Message>
</LogEntry>
<LogEntry Date="2014-09-14 22:23:56" Severity="Info" Source="Converters.ViewModels.HistoryViewViewModel.UpdateSelectedStatus" ThreadId="9">
  <Message>History UpdateSelectedStatus.</Message>
</LogEntry>
<LogEntry Date="2014-09-14 22:23:59" Severity="Info" Source="Converters.MainWindow.SelectedStudentChanged" ThreadId="9">
  <Message>SelectedStudentChanged called by ChildButton_Click.</Message>
</LogEntry>
<LogEntry Date="2014-09-14 22:23:59" Severity="Info" Source="Converters.ViewModels.HistoryViewViewModel.UpdateSelectedStatus" ThreadId="9">
  <Message>History UpdateSelectedStatus.</Message>
</LogEntry>
<LogEntry Date="2014-09-14 22:23:59" Severity="Info" Source="Converters.MainWindow.SelectedStudentChanged" ThreadId="9">
  <Message>SelectedStudentChanged called by ChildButton_Click.</Message>
</LogEntry>
<LogEntry Date="2014-09-14 22:23:59" Severity="Info" Source="Converters.ViewModels.HistoryViewViewModel.UpdateSelectedStatus" ThreadId="9">
  <Message>History UpdateSelectedStatus.</Message>
</LogEntry>
<LogEntry Date="2014-09-14 22:24:00" Severity="Info" Source="Converters.MainWindow.SelectedStudentChanged" ThreadId="9">
  <Message>SelectedStudentChanged called by ChildButton_Click.</Message>
</LogEntry>
<LogEntry Date="2014-09-14 22:24:00" Severity="Info" Source="Converters.ViewModels.HistoryViewViewModel.UpdateSelectedStatus" ThreadId="9">
  <Message>History UpdateSelectedStatus.</Message>
</LogEntry>
<LogEntry Date="2014-09-14 22:24:00" Severity="Info" Source="Converters.MainWindow.SelectedStudentChanged" ThreadId="9">
  <Message>SelectedStudentChanged called by ChildButton_Click.</Message>
</LogEntry>
<LogEntry Date="2014-09-14 22:24:00" Severity="Info" Source="Converters.ViewModels.HistoryViewViewModel.UpdateSelectedStatus" ThreadId="9">
  <Message>History UpdateSelectedStatus.</Message>
</LogEntry>
<LogEntry Date="2014-09-14 22:24:01" Severity="Info" Source="Converters.MainWindow.CheckOutBook" ThreadId="9">
  <Message>CheckOutBook called.</Message>
</LogEntry>
<LogEntry Date="2014-09-14 22:24:02" Severity="Info" Source="Converters.ViewModels.HistoryViewViewModel.UpdateHistory" ThreadId="9">
  <Message>Updating history.</Message>
</LogEntry>
<LogEntry Date="2014-09-14 22:24:03" Severity="Info" Source="Converters.MainWindow.CheckInBook" ThreadId="9">
  <Message>CheckInBook called by ChildButton_Click.</Message>
</LogEntry>
<LogEntry Date="2014-09-14 22:24:05" Severity="Info" Source="Converters.ViewModels.HistoryViewViewModel.UpdateHistory" ThreadId="9">
  <Message>Updating history.</Message>
</LogEntry>
<LogEntry Date="2014-09-14 22:24:28" Severity="Info" Source="Converters.MainWindow.MainWindow_Closing" ThreadId="9">
  <Message>Main Page closing.</Message>
</LogEntry>
<LogEntry Date="2014-09-14 22:24:29" Severity="Info" Source="Converters.Models.DatabaseReader.SaveBasicInfo" ThreadId="9">
  <Message>Saving basic information to database.</Message>
</LogEntry>
<LogEntry Date="2014-09-14 22:24:29" Severity="Info" Source="Converters.Models.DatabaseReader.SaveHistory" ThreadId="9">
  <Message>Saving history to database.</Message>
</LogEntry>
<LogEntry Date="2014-09-14 22:24:29" Severity="Info" Source="Converters.Models.DatabaseReader.SaveStudents" ThreadId="9">
  <Message>Saving students to database.</Message>
</LogEntry>
<LogEntry Date="2014-09-14 22:24:29" Severity="Info" Source="Converters.Models.DatabaseReader.SaveBagData" ThreadId="9">
  <Message>Saving bag data to database.</Message>
</LogEntry>
<LogEntry Date="2014-09-14 22:26:45" Severity="Info" Source="Converters.MainWindow..ctor" ThreadId="10">
  <Message>Test entry to see if logging works.</Message>
</LogEntry>
<LogEntry Date="2014-09-14 22:26:45" Severity="Info" Source="Converters.MainWindow..ctor" ThreadId="10">
  <Message>MainWindow initializing.</Message>
</LogEntry>
<LogEntry Date="2014-09-14 22:26:45" Severity="Info" Source="Converters.MainWindow.Window_SourceInitialized" ThreadId="10">
  <Message>Window_SourceInitialized.</Message>
</LogEntry>
<LogEntry Date="2014-09-14 22:26:45" Severity="Info" Source="Converters.Models.DatabaseReader.mbConnectToDatabase" ThreadId="10">
  <Message>Connecting to database...</Message>
</LogEntry>
<LogEntry Date="2014-09-14 22:26:45" Severity="Info" Source="Converters.Models.DatabaseReader.mbConnectToDatabase" ThreadId="10">
  <Message>App Folder: C:\Users\mbishop\Documents\GitHub\Creel\SchoolBookBags\SchoolBookBags\bin\Release\ XML Path: C:\Users\mbishop\Documents\GitHub\Creel\SchoolBookBags\SchoolBookBags\bin\Release\database.xml</Message>
</LogEntry>
<LogEntry Date="2014-09-14 22:26:45" Severity="Info" Source="Converters.Models.DatabaseReader.InitBasicInfo" ThreadId="10">
  <Message>Database initializing basic information.</Message>
</LogEntry>
<LogEntry Date="2014-09-14 22:26:45" Severity="Info" Source="Converters.Models.DatabaseReader.mbImportStudents" ThreadId="10">
  <Message>Intializing students list from database.</Message>
</LogEntry>
<LogEntry Date="2014-09-14 22:26:45" Severity="Info" Source="Converters.Models.DatabaseReader.mbImportBags" ThreadId="10">
  <Message>Intializing bags list from database.</Message>
</LogEntry>
<LogEntry Date="2014-09-14 22:26:45" Severity="Info" Source="Converters.Models.DatabaseReader.mbImportHistory" ThreadId="10">
  <Message>Intializing history from database.</Message>
</LogEntry>
<LogEntry Date="2014-09-14 22:26:45" Severity="Info" Source="Converters.ViewModels.HistoryViewViewModel.UpdateHistory" ThreadId="10">
  <Message>Updating history.</Message>
</LogEntry>
<LogEntry Date="2014-09-14 22:26:45" Severity="Info" Source="Converters.MainWindow.InitViews" ThreadId="10">
  <Message>Main Page init views.</Message>
</LogEntry>
<LogEntry Date="2014-09-14 22:26:45" Severity="Info" Source="Converters.ViewModels.AddANewStudentViewModel..ctor" ThreadId="10">
  <Message>Adding a new student view model.</Message>
</LogEntry>
<LogEntry Date="2014-09-14 22:26:45" Severity="Info" Source="Converters.MainWindow.MainPage_Loaded" ThreadId="10">
  <Message>Main Page loading.</Message>
</LogEntry>
<LogEntry Date="2014-09-14 22:26:45" Severity="Info" Source="Converters.MainWindow.MainPage_Loaded" ThreadId="10">
  <Message>Main Page loading.</Message>
</LogEntry>
<LogEntry Date="2014-09-14 22:27:40" Severity="Info" Source="Converters.MainWindow.MainWindow_Closing" ThreadId="10">
  <Message>Main Page closing.</Message>
</LogEntry>
<LogEntry Date="2014-09-14 22:29:05" Severity="Info" Source="Converters.MainWindow..ctor" ThreadId="9">
  <Message>Test entry to see if logging works.</Message>
</LogEntry>
<LogEntry Date="2014-09-14 22:29:05" Severity="Info" Source="Converters.MainWindow..ctor" ThreadId="9">
  <Message>MainWindow initializing.</Message>
</LogEntry>
<LogEntry Date="2014-09-14 22:29:05" Severity="Info" Source="Converters.MainWindow.Window_SourceInitialized" ThreadId="9">
  <Message>Window_SourceInitialized.</Message>
</LogEntry>
<LogEntry Date="2014-09-14 22:29:05" Severity="Info" Source="Converters.Models.DatabaseReader.mbConnectToDatabase" ThreadId="9">
  <Message>Connecting to database...</Message>
</LogEntry>
<LogEntry Date="2014-09-14 22:29:05" Severity="Info" Source="Converters.Models.DatabaseReader.mbConnectToDatabase" ThreadId="9">
  <Message>App Folder: C:\Users\mbishop\Documents\GitHub\Creel\SchoolBookBags\SchoolBookBags\bin\Release\ XML Path: C:\Users\mbishop\Documents\GitHub\Creel\SchoolBookBags\SchoolBookBags\bin\Release\database.xml</Message>
</LogEntry>
<LogEntry Date="2014-09-14 22:29:05" Severity="Info" Source="Converters.Models.DatabaseReader.InitBasicInfo" ThreadId="9">
  <Message>Database initializing basic information.</Message>
</LogEntry>
<LogEntry Date="2014-09-14 22:29:05" Severity="Info" Source="Converters.Models.DatabaseReader.mbImportStudents" ThreadId="9">
  <Message>Intializing students list from database.</Message>
</LogEntry>
<LogEntry Date="2014-09-14 22:29:05" Severity="Info" Source="Converters.Models.DatabaseReader.mbImportBags" ThreadId="9">
  <Message>Intializing bags list from database.</Message>
</LogEntry>
<LogEntry Date="2014-09-14 22:29:05" Severity="Info" Source="Converters.Models.DatabaseReader.mbImportHistory" ThreadId="9">
  <Message>Intializing history from database.</Message>
</LogEntry>
<LogEntry Date="2014-09-14 22:29:05" Severity="Info" Source="Converters.ViewModels.HistoryViewViewModel.UpdateHistory" ThreadId="9">
  <Message>Updating history.</Message>
</LogEntry>
<LogEntry Date="2014-09-14 22:29:05" Severity="Info" Source="Converters.MainWindow.InitViews" ThreadId="9">
  <Message>Main Page init views.</Message>
</LogEntry>
<LogEntry Date="2014-09-14 22:29:05" Severity="Info" Source="Converters.ViewModels.AddANewStudentViewModel..ctor" ThreadId="9">
  <Message>Adding a new student view model.</Message>
</LogEntry>
<LogEntry Date="2014-09-14 22:29:06" Severity="Info" Source="Converters.MainWindow.MainPage_Loaded" ThreadId="9">
  <Message>Main Page loading.</Message>
</LogEntry>
<LogEntry Date="2014-09-14 22:29:06" Severity="Info" Source="Converters.MainWindow.MainPage_Loaded" ThreadId="9">
  <Message>Main Page loading.</Message>
</LogEntry>
<LogEntry Date="2014-09-14 22:30:43" Severity="Info" Source="Converters.MainWindow.MainWindow_Closing" ThreadId="9">
  <Message>Main Page closing.</Message>
</LogEntry>
<LogEntry Date="2014-09-14 22:32:49" Severity="Info" Source="Converters.MainWindow..ctor" ThreadId="9">
  <Message>Test entry to see if logging works.</Message>
</LogEntry>
<LogEntry Date="2014-09-14 22:32:49" Severity="Info" Source="Converters.MainWindow..ctor" ThreadId="9">
  <Message>MainWindow initializing.</Message>
</LogEntry>
<LogEntry Date="2014-09-14 22:32:49" Severity="Info" Source="Converters.MainWindow.Window_SourceInitialized" ThreadId="9">
  <Message>Window_SourceInitialized.</Message>
</LogEntry>
<LogEntry Date="2014-09-14 22:32:49" Severity="Info" Source="Converters.Models.DatabaseReader.mbConnectToDatabase" ThreadId="9">
  <Message>Connecting to database...</Message>
</LogEntry>
<LogEntry Date="2014-09-14 22:32:49" Severity="Info" Source="Converters.Models.DatabaseReader.mbConnectToDatabase" ThreadId="9">
  <Message>App Folder: C:\Users\mbishop\Documents\GitHub\Creel\SchoolBookBags\SchoolBookBags\bin\Release\ XML Path: C:\Users\mbishop\Documents\GitHub\Creel\SchoolBookBags\SchoolBookBags\bin\Release\database.xml</Message>
</LogEntry>
<LogEntry Date="2014-09-14 22:32:49" Severity="Info" Source="Converters.Models.DatabaseReader.InitBasicInfo" ThreadId="9">
  <Message>Database initializing basic information.</Message>
</LogEntry>
<LogEntry Date="2014-09-14 22:32:49" Severity="Info" Source="Converters.Models.DatabaseReader.mbImportStudents" ThreadId="9">
  <Message>Intializing students list from database.</Message>
</LogEntry>
<LogEntry Date="2014-09-14 22:32:49" Severity="Info" Source="Converters.Models.DatabaseReader.mbImportBags" ThreadId="9">
  <Message>Intializing bags list from database.</Message>
</LogEntry>
<LogEntry Date="2014-09-14 22:32:49" Severity="Info" Source="Converters.Models.DatabaseReader.mbImportHistory" ThreadId="9">
  <Message>Intializing history from database.</Message>
</LogEntry>
<LogEntry Date="2014-09-14 22:32:49" Severity="Info" Source="Converters.ViewModels.HistoryViewViewModel.UpdateHistory" ThreadId="9">
  <Message>Updating history.</Message>
</LogEntry>
<LogEntry Date="2014-09-14 22:32:49" Severity="Info" Source="Converters.MainWindow.InitViews" ThreadId="9">
  <Message>Main Page init views.</Message>
</LogEntry>
<LogEntry Date="2014-09-14 22:32:49" Severity="Info" Source="Converters.ViewModels.AddANewStudentViewModel..ctor" ThreadId="9">
  <Message>Adding a new student view model.</Message>
</LogEntry>
<LogEntry Date="2014-09-14 22:32:50" Severity="Info" Source="Converters.MainWindow.MainPage_Loaded" ThreadId="9">
  <Message>Main Page loading.</Message>
</LogEntry>
<LogEntry Date="2014-09-14 22:32:50" Severity="Info" Source="Converters.MainWindow.MainPage_Loaded" ThreadId="9">
  <Message>Main Page loading.</Message>
</LogEntry>
<LogEntry Date="2014-09-14 22:32:51" Severity="Info" Source="Converters.MainWindow.MainWindow_Closing" ThreadId="9">
  <Message>Main Page closing.</Message>
</LogEntry>
<LogEntry Date="2014-09-14 22:33:16" Severity="Info" Source="Converters.MainWindow..ctor" ThreadId="9">
  <Message>Test entry to see if logging works.</Message>
</LogEntry>
<LogEntry Date="2014-09-14 22:33:16" Severity="Info" Source="Converters.MainWindow..ctor" ThreadId="9">
  <Message>MainWindow initializing.</Message>
</LogEntry>
<LogEntry Date="2014-09-14 22:33:16" Severity="Info" Source="Converters.MainWindow.Window_SourceInitialized" ThreadId="9">
  <Message>Window_SourceInitialized.</Message>
</LogEntry>
<LogEntry Date="2014-09-14 22:33:16" Severity="Info" Source="Converters.Models.DatabaseReader.mbConnectToDatabase" ThreadId="9">
  <Message>Connecting to database...</Message>
</LogEntry>
<LogEntry Date="2014-09-14 22:33:16" Severity="Info" Source="Converters.Models.DatabaseReader.mbConnectToDatabase" ThreadId="9">
  <Message>App Folder: C:\Users\mbishop\Documents\GitHub\Creel\SchoolBookBags\SchoolBookBags\bin\Release\ XML Path: C:\Users\mbishop\Documents\GitHub\Creel\SchoolBookBags\SchoolBookBags\bin\Release\database.xml</Message>
</LogEntry>
<LogEntry Date="2014-09-14 22:33:16" Severity="Info" Source="Converters.Models.DatabaseReader.InitBasicInfo" ThreadId="9">
  <Message>Database initializing basic information.</Message>
</LogEntry>
<LogEntry Date="2014-09-14 22:33:16" Severity="Info" Source="Converters.Models.DatabaseReader.mbImportStudents" ThreadId="9">
  <Message>Intializing students list from database.</Message>
</LogEntry>
<LogEntry Date="2014-09-14 22:33:16" Severity="Info" Source="Converters.Models.DatabaseReader.mbImportBags" ThreadId="9">
  <Message>Intializing bags list from database.</Message>
</LogEntry>
<LogEntry Date="2014-09-14 22:33:16" Severity="Info" Source="Converters.Models.DatabaseReader.mbImportHistory" ThreadId="9">
  <Message>Intializing history from database.</Message>
</LogEntry>
<LogEntry Date="2014-09-14 22:33:16" Severity="Info" Source="Converters.ViewModels.HistoryViewViewModel.UpdateHistory" ThreadId="9">
  <Message>Updating history.</Message>
</LogEntry>
<LogEntry Date="2014-09-14 22:33:16" Severity="Info" Source="Converters.MainWindow.InitViews" ThreadId="9">
  <Message>Main Page init views.</Message>
</LogEntry>
<LogEntry Date="2014-09-14 22:33:16" Severity="Info" Source="Converters.ViewModels.AddANewStudentViewModel..ctor" ThreadId="9">
  <Message>Adding a new student view model.</Message>
</LogEntry>
<LogEntry Date="2014-09-14 22:33:17" Severity="Info" Source="Converters.MainWindow.MainPage_Loaded" ThreadId="9">
  <Message>Main Page loading.</Message>
</LogEntry>
<LogEntry Date="2014-09-14 22:33:17" Severity="Info" Source="Converters.MainWindow.MainPage_Loaded" ThreadId="9">
  <Message>Main Page loading.</Message>
</LogEntry>
<LogEntry Date="2014-09-14 22:33:32" Severity="Info" Source="Converters.MainWindow.MainWindow_Closing" ThreadId="9">
  <Message>Main Page closing.</Message>
</LogEntry>
<LogEntry Date="2014-09-14 22:34:02" Severity="Info" Source="Converters.MainWindow..ctor" ThreadId="9">
  <Message>Test entry to see if logging works.</Message>
</LogEntry>
<LogEntry Date="2014-09-14 22:34:02" Severity="Info" Source="Converters.MainWindow..ctor" ThreadId="9">
  <Message>MainWindow initializing.</Message>
</LogEntry>
<LogEntry Date="2014-09-14 22:34:03" Severity="Info" Source="Converters.MainWindow.Window_SourceInitialized" ThreadId="9">
  <Message>Window_SourceInitialized.</Message>
</LogEntry>
<LogEntry Date="2014-09-14 22:34:03" Severity="Info" Source="Converters.Models.DatabaseReader.mbConnectToDatabase" ThreadId="9">
  <Message>Connecting to database...</Message>
</LogEntry>
<LogEntry Date="2014-09-14 22:34:03" Severity="Info" Source="Converters.Models.DatabaseReader.mbConnectToDatabase" ThreadId="9">
  <Message>App Folder: C:\Users\mbishop\Documents\GitHub\Creel\SchoolBookBags\SchoolBookBags\bin\Release\ XML Path: C:\Users\mbishop\Documents\GitHub\Creel\SchoolBookBags\SchoolBookBags\bin\Release\database.xml</Message>
</LogEntry>
<LogEntry Date="2014-09-14 22:34:03" Severity="Info" Source="Converters.Models.DatabaseReader.InitBasicInfo" ThreadId="9">
  <Message>Database initializing basic information.</Message>
</LogEntry>
<LogEntry Date="2014-09-14 22:34:03" Severity="Info" Source="Converters.Models.DatabaseReader.mbImportStudents" ThreadId="9">
  <Message>Intializing students list from database.</Message>
</LogEntry>
<LogEntry Date="2014-09-14 22:34:03" Severity="Info" Source="Converters.Models.DatabaseReader.mbImportBags" ThreadId="9">
  <Message>Intializing bags list from database.</Message>
</LogEntry>
<LogEntry Date="2014-09-14 22:34:03" Severity="Info" Source="Converters.Models.DatabaseReader.mbImportHistory" ThreadId="9">
  <Message>Intializing history from database.</Message>
</LogEntry>
<LogEntry Date="2014-09-14 22:34:03" Severity="Info" Source="Converters.ViewModels.HistoryViewViewModel.UpdateHistory" ThreadId="9">
  <Message>Updating history.</Message>
</LogEntry>
<LogEntry Date="2014-09-14 22:34:03" Severity="Info" Source="Converters.MainWindow.InitViews" ThreadId="9">
  <Message>Main Page init views.</Message>
</LogEntry>
<LogEntry Date="2014-09-14 22:34:03" Severity="Info" Source="Converters.ViewModels.AddANewStudentViewModel..ctor" ThreadId="9">
  <Message>Adding a new student view model.</Message>
</LogEntry>
<LogEntry Date="2014-09-14 22:34:03" Severity="Info" Source="Converters.MainWindow.MainPage_Loaded" ThreadId="9">
  <Message>Main Page loading.</Message>
</LogEntry>
<LogEntry Date="2014-09-14 22:34:03" Severity="Info" Source="Converters.MainWindow.MainPage_Loaded" ThreadId="9">
  <Message>Main Page loading.</Message>
</LogEntry>
<LogEntry Date="2014-09-14 22:34:11" Severity="Info" Source="Converters.MainWindow.MainWindow_Closing" ThreadId="9">
  <Message>Main Page closing.</Message>
</LogEntry>
<LogEntry Date="2014-09-14 22:34:41" Severity="Info" Source="Converters.MainWindow..ctor" ThreadId="8">
  <Message>Test entry to see if logging works.</Message>
</LogEntry>
<LogEntry Date="2014-09-14 22:34:41" Severity="Info" Source="Converters.MainWindow..ctor" ThreadId="8">
  <Message>MainWindow initializing.</Message>
</LogEntry>
<LogEntry Date="2014-09-14 22:34:42" Severity="Info" Source="Converters.MainWindow.Window_SourceInitialized" ThreadId="8">
  <Message>Window_SourceInitialized.</Message>
</LogEntry>
<LogEntry Date="2014-09-14 22:34:42" Severity="Info" Source="Converters.Models.DatabaseReader.mbConnectToDatabase" ThreadId="8">
  <Message>Connecting to database...</Message>
</LogEntry>
<LogEntry Date="2014-09-14 22:34:42" Severity="Info" Source="Converters.Models.DatabaseReader.mbConnectToDatabase" ThreadId="8">
  <Message>App Folder: C:\Users\mbishop\Documents\GitHub\Creel\SchoolBookBags\SchoolBookBags\bin\Release\ XML Path: C:\Users\mbishop\Documents\GitHub\Creel\SchoolBookBags\SchoolBookBags\bin\Release\database.xml</Message>
</LogEntry>
<LogEntry Date="2014-09-14 22:34:42" Severity="Info" Source="Converters.Models.DatabaseReader.InitBasicInfo" ThreadId="8">
  <Message>Database initializing basic information.</Message>
</LogEntry>
<LogEntry Date="2014-09-14 22:34:42" Severity="Info" Source="Converters.Models.DatabaseReader.mbImportStudents" ThreadId="8">
  <Message>Intializing students list from database.</Message>
</LogEntry>
<LogEntry Date="2014-09-14 22:34:42" Severity="Info" Source="Converters.Models.DatabaseReader.mbImportBags" ThreadId="8">
  <Message>Intializing bags list from database.</Message>
</LogEntry>
<LogEntry Date="2014-09-14 22:34:42" Severity="Info" Source="Converters.Models.DatabaseReader.mbImportHistory" ThreadId="8">
  <Message>Intializing history from database.</Message>
</LogEntry>
<LogEntry Date="2014-09-14 22:34:42" Severity="Info" Source="Converters.ViewModels.HistoryViewViewModel.UpdateHistory" ThreadId="8">
  <Message>Updating history.</Message>
</LogEntry>
<LogEntry Date="2014-09-14 22:34:42" Severity="Info" Source="Converters.MainWindow.InitViews" ThreadId="8">
  <Message>Main Page init views.</Message>
</LogEntry>
<LogEntry Date="2014-09-14 22:34:42" Severity="Info" Source="Converters.ViewModels.AddANewStudentViewModel..ctor" ThreadId="8">
  <Message>Adding a new student view model.</Message>
</LogEntry>
<LogEntry Date="2014-09-14 22:34:42" Severity="Info" Source="Converters.MainWindow.MainPage_Loaded" ThreadId="8">
  <Message>Main Page loading.</Message>
</LogEntry>
<LogEntry Date="2014-09-14 22:34:42" Severity="Info" Source="Converters.MainWindow.MainPage_Loaded" ThreadId="8">
  <Message>Main Page loading.</Message>
</LogEntry>
<LogEntry Date="2014-09-14 22:35:07" Severity="Info" Source="Converters.MainWindow.MainWindow_Closing" ThreadId="8">
  <Message>Main Page closing.</Message>
</LogEntry>
<LogEntry Date="2014-09-14 22:35:35" Severity="Info" Source="Converters.MainWindow..ctor" ThreadId="9">
  <Message>Test entry to see if logging works.</Message>
</LogEntry>
<LogEntry Date="2014-09-14 22:35:35" Severity="Info" Source="Converters.MainWindow..ctor" ThreadId="9">
  <Message>MainWindow initializing.</Message>
</LogEntry>
<LogEntry Date="2014-09-14 22:35:35" Severity="Info" Source="Converters.MainWindow.Window_SourceInitialized" ThreadId="9">
  <Message>Window_SourceInitialized.</Message>
</LogEntry>
<LogEntry Date="2014-09-14 22:35:35" Severity="Info" Source="Converters.Models.DatabaseReader.mbConnectToDatabase" ThreadId="9">
  <Message>Connecting to database...</Message>
</LogEntry>
<LogEntry Date="2014-09-14 22:35:35" Severity="Info" Source="Converters.Models.DatabaseReader.mbConnectToDatabase" ThreadId="9">
  <Message>App Folder: C:\Users\mbishop\Documents\GitHub\Creel\SchoolBookBags\SchoolBookBags\bin\Release\ XML Path: C:\Users\mbishop\Documents\GitHub\Creel\SchoolBookBags\SchoolBookBags\bin\Release\database.xml</Message>
</LogEntry>
<LogEntry Date="2014-09-14 22:35:35" Severity="Info" Source="Converters.Models.DatabaseReader.InitBasicInfo" ThreadId="9">
  <Message>Database initializing basic information.</Message>
</LogEntry>
<LogEntry Date="2014-09-14 22:35:35" Severity="Info" Source="Converters.Models.DatabaseReader.mbImportStudents" ThreadId="9">
  <Message>Intializing students list from database.</Message>
</LogEntry>
<LogEntry Date="2014-09-14 22:35:35" Severity="Info" Source="Converters.Models.DatabaseReader.mbImportBags" ThreadId="9">
  <Message>Intializing bags list from database.</Message>
</LogEntry>
<LogEntry Date="2014-09-14 22:35:35" Severity="Info" Source="Converters.Models.DatabaseReader.mbImportHistory" ThreadId="9">
  <Message>Intializing history from database.</Message>
</LogEntry>
<LogEntry Date="2014-09-14 22:35:35" Severity="Info" Source="Converters.ViewModels.HistoryViewViewModel.UpdateHistory" ThreadId="9">
  <Message>Updating history.</Message>
</LogEntry>
<LogEntry Date="2014-09-14 22:35:35" Severity="Info" Source="Converters.MainWindow.InitViews" ThreadId="9">
  <Message>Main Page init views.</Message>
</LogEntry>
<LogEntry Date="2014-09-14 22:35:35" Severity="Info" Source="Converters.ViewModels.AddANewStudentViewModel..ctor" ThreadId="9">
  <Message>Adding a new student view model.</Message>
</LogEntry>
<LogEntry Date="2014-09-14 22:35:35" Severity="Info" Source="Converters.MainWindow.MainPage_Loaded" ThreadId="9">
  <Message>Main Page loading.</Message>
</LogEntry>
<LogEntry Date="2014-09-14 22:35:35" Severity="Info" Source="Converters.MainWindow.MainPage_Loaded" ThreadId="9">
  <Message>Main Page loading.</Message>
</LogEntry>
<LogEntry Date="2014-09-14 22:35:55" Severity="Info" Source="Converters.MainWindow.SelectedStudentChanged" ThreadId="9">
  <Message>SelectedStudentChanged called by ChildButton_Click.</Message>
</LogEntry>
<LogEntry Date="2014-09-14 22:35:55" Severity="Info" Source="Converters.ViewModels.HistoryViewViewModel.UpdateSelectedStatus" ThreadId="9">
  <Message>History UpdateSelectedStatus.</Message>
</LogEntry>
<LogEntry Date="2014-09-14 22:35:55" Severity="Info" Source="Converters.MainWindow.SelectedStudentChanged" ThreadId="9">
  <Message>SelectedStudentChanged called by ChildButton_Click.</Message>
</LogEntry>
<LogEntry Date="2014-09-14 22:35:55" Severity="Info" Source="Converters.ViewModels.HistoryViewViewModel.UpdateSelectedStatus" ThreadId="9">
  <Message>History UpdateSelectedStatus.</Message>
</LogEntry>
<LogEntry Date="2014-09-14 22:35:56" Severity="Info" Source="Converters.MainWindow.SelectedStudentChanged" ThreadId="9">
  <Message>SelectedStudentChanged called by ChildButton_Click.</Message>
</LogEntry>
<LogEntry Date="2014-09-14 22:35:56" Severity="Info" Source="Converters.ViewModels.HistoryViewViewModel.UpdateSelectedStatus" ThreadId="9">
  <Message>History UpdateSelectedStatus.</Message>
</LogEntry>
<LogEntry Date="2014-09-14 22:35:56" Severity="Info" Source="Converters.MainWindow.SelectedStudentChanged" ThreadId="9">
  <Message>SelectedStudentChanged called by ChildButton_Click.</Message>
</LogEntry>
<LogEntry Date="2014-09-14 22:35:56" Severity="Info" Source="Converters.ViewModels.HistoryViewViewModel.UpdateSelectedStatus" ThreadId="9">
  <Message>History UpdateSelectedStatus.</Message>
</LogEntry>
<LogEntry Date="2014-09-14 22:35:57" Severity="Info" Source="Converters.MainWindow.SelectedStudentChanged" ThreadId="9">
  <Message>SelectedStudentChanged called by ChildButton_Click.</Message>
</LogEntry>
<LogEntry Date="2014-09-14 22:35:57" Severity="Info" Source="Converters.ViewModels.HistoryViewViewModel.UpdateSelectedStatus" ThreadId="9">
  <Message>History UpdateSelectedStatus.</Message>
</LogEntry>
<LogEntry Date="2014-09-14 22:35:57" Severity="Info" Source="Converters.MainWindow.SelectedStudentChanged" ThreadId="9">
  <Message>SelectedStudentChanged called by ChildButton_Click.</Message>
</LogEntry>
<LogEntry Date="2014-09-14 22:35:57" Severity="Info" Source="Converters.ViewModels.HistoryViewViewModel.UpdateSelectedStatus" ThreadId="9">
  <Message>History UpdateSelectedStatus.</Message>
</LogEntry>
<LogEntry Date="2014-09-14 22:35:58" Severity="Info" Source="Converters.MainWindow.SelectedStudentChanged" ThreadId="9">
  <Message>SelectedStudentChanged called by ChildButton_Click.</Message>
</LogEntry>
<LogEntry Date="2014-09-14 22:35:58" Severity="Info" Source="Converters.ViewModels.HistoryViewViewModel.UpdateSelectedStatus" ThreadId="9">
  <Message>History UpdateSelectedStatus.</Message>
</LogEntry>
<LogEntry Date="2014-09-14 22:35:58" Severity="Info" Source="Converters.MainWindow.SelectedStudentChanged" ThreadId="9">
  <Message>SelectedStudentChanged called by ChildButton_Click.</Message>
</LogEntry>
<LogEntry Date="2014-09-14 22:35:58" Severity="Info" Source="Converters.ViewModels.HistoryViewViewModel.UpdateSelectedStatus" ThreadId="9">
  <Message>History UpdateSelectedStatus.</Message>
</LogEntry>
<LogEntry Date="2014-09-14 22:36:04" Severity="Info" Source="Converters.MainWindow.CheckOutBook" ThreadId="9">
  <Message>CheckOutBook called.</Message>
</LogEntry>
<LogEntry Date="2014-09-14 22:36:04" Severity="Info" Source="Converters.ViewModels.HistoryViewViewModel.UpdateHistory" ThreadId="9">
  <Message>Updating history.</Message>
</LogEntry>
<LogEntry Date="2014-09-14 22:36:06" Severity="Info" Source="Converters.MainWindow.CheckInBook" ThreadId="9">
  <Message>CheckInBook called by ChildButton_Click.</Message>
</LogEntry>
<LogEntry Date="2014-09-14 22:36:19" Severity="Info" Source="Converters.ViewModels.HistoryViewViewModel.UpdateHistory" ThreadId="9">
  <Message>Updating history.</Message>
</LogEntry>
<LogEntry Date="2014-09-14 22:37:00" Severity="Info" Source="Converters.MainWindow.MainWindow_Closing" ThreadId="9">
  <Message>Main Page closing.</Message>
</LogEntry>
<LogEntry Date="2014-09-14 22:37:02" Severity="Info" Source="Converters.Models.DatabaseReader.SaveBasicInfo" ThreadId="9">
  <Message>Saving basic information to database.</Message>
</LogEntry>
<LogEntry Date="2014-09-14 22:37:02" Severity="Info" Source="Converters.Models.DatabaseReader.SaveHistory" ThreadId="9">
  <Message>Saving history to database.</Message>
</LogEntry>
<LogEntry Date="2014-09-14 22:37:02" Severity="Info" Source="Converters.Models.DatabaseReader.SaveStudents" ThreadId="9">
  <Message>Saving students to database.</Message>
</LogEntry>
<LogEntry Date="2014-09-14 22:37:02" Severity="Info" Source="Converters.Models.DatabaseReader.SaveBagData" ThreadId="9">
  <Message>Saving bag data to database.</Message>
</LogEntry>
<LogEntry Date="2014-09-14 22:37:22" Severity="Info" Source="Converters.MainWindow..ctor" ThreadId="9">
  <Message>Test entry to see if logging works.</Message>
</LogEntry>
<LogEntry Date="2014-09-14 22:37:22" Severity="Info" Source="Converters.MainWindow..ctor" ThreadId="9">
  <Message>MainWindow initializing.</Message>
</LogEntry>
<LogEntry Date="2014-09-14 22:37:23" Severity="Info" Source="Converters.MainWindow.Window_SourceInitialized" ThreadId="9">
  <Message>Window_SourceInitialized.</Message>
</LogEntry>
<LogEntry Date="2014-09-14 22:37:23" Severity="Info" Source="Converters.Models.DatabaseReader.mbConnectToDatabase" ThreadId="9">
  <Message>Connecting to database...</Message>
</LogEntry>
<LogEntry Date="2014-09-14 22:37:23" Severity="Info" Source="Converters.Models.DatabaseReader.mbConnectToDatabase" ThreadId="9">
  <Message>App Folder: C:\Users\mbishop\Documents\GitHub\Creel\SchoolBookBags\SchoolBookBags\bin\Release\ XML Path: C:\Users\mbishop\Documents\GitHub\Creel\SchoolBookBags\SchoolBookBags\bin\Release\database.xml</Message>
</LogEntry>
<LogEntry Date="2014-09-14 22:37:23" Severity="Info" Source="Converters.Models.DatabaseReader.InitBasicInfo" ThreadId="9">
  <Message>Database initializing basic information.</Message>
</LogEntry>
<LogEntry Date="2014-09-14 22:37:23" Severity="Info" Source="Converters.Models.DatabaseReader.mbImportStudents" ThreadId="9">
  <Message>Intializing students list from database.</Message>
</LogEntry>
<LogEntry Date="2014-09-14 22:37:23" Severity="Info" Source="Converters.Models.DatabaseReader.mbImportBags" ThreadId="9">
  <Message>Intializing bags list from database.</Message>
</LogEntry>
<LogEntry Date="2014-09-14 22:37:23" Severity="Info" Source="Converters.Models.DatabaseReader.mbImportHistory" ThreadId="9">
  <Message>Intializing history from database.</Message>
</LogEntry>
<LogEntry Date="2014-09-14 22:37:23" Severity="Info" Source="Converters.ViewModels.HistoryViewViewModel.UpdateHistory" ThreadId="9">
  <Message>Updating history.</Message>
</LogEntry>
<LogEntry Date="2014-09-14 22:37:23" Severity="Info" Source="Converters.MainWindow.InitViews" ThreadId="9">
  <Message>Main Page init views.</Message>
</LogEntry>
<LogEntry Date="2014-09-14 22:37:23" Severity="Info" Source="Converters.ViewModels.AddANewStudentViewModel..ctor" ThreadId="9">
  <Message>Adding a new student view model.</Message>
</LogEntry>
<LogEntry Date="2014-09-14 22:37:23" Severity="Info" Source="Converters.MainWindow.MainPage_Loaded" ThreadId="9">
  <Message>Main Page loading.</Message>
</LogEntry>
<LogEntry Date="2014-09-14 22:37:23" Severity="Info" Source="Converters.MainWindow.MainPage_Loaded" ThreadId="9">
  <Message>Main Page loading.</Message>
</LogEntry>
<LogEntry Date="2014-09-14 22:38:05" Severity="Info" Source="Converters.MainWindow.SelectedStudentChanged" ThreadId="9">
  <Message>SelectedStudentChanged called by ChildButton_Click.</Message>
</LogEntry>
<LogEntry Date="2014-09-14 22:38:05" Severity="Info" Source="Converters.ViewModels.HistoryViewViewModel.UpdateSelectedStatus" ThreadId="9">
  <Message>History UpdateSelectedStatus.</Message>
</LogEntry>
<LogEntry Date="2014-09-14 22:38:05" Severity="Info" Source="Converters.MainWindow.SelectedStudentChanged" ThreadId="9">
  <Message>SelectedStudentChanged called by ChildButton_Click.</Message>
</LogEntry>
<LogEntry Date="2014-09-14 22:38:05" Severity="Info" Source="Converters.ViewModels.HistoryViewViewModel.UpdateSelectedStatus" ThreadId="9">
  <Message>History UpdateSelectedStatus.</Message>
</LogEntry>
<LogEntry Date="2014-09-14 22:38:09" Severity="Info" Source="Converters.MainWindow.MainWindow_Closing" ThreadId="9">
  <Message>Main Page closing.</Message>
</LogEntry>
